04/23/23 20:35:49: Running xcd server. This server was built by gradle.
04/23/23 20:35:49: Server was asked to start on port: '53848'
04/23/23 20:35:49: Server is using token UUID: 'd2f74da6-c92b-430a-97cd-e19c92d9e7a0'
04/23/23 20:35:49: SESSION_MGR: creating session with session uuid: '6d04a3e9-ade5-4ab9-8d63-1f78fcd2ec76' and name 'default'
04/23/23 20:35:49: Attempting to start server on port '53848'
04/23/23 20:35:49: Running Dispatch Server
04/23/23 20:35:49: Version 2.2.0
04/23/23 20:35:57: Dispatch Server: Accepted socket connection from client
04/23/23 20:35:57: Starting Socket connection
04/23/23 20:35:57: EXCHANGE_TOKEN received, server token: d2f74da6-c92b-430a-97cd-e19c92d9e7a0, passed token: d2f74da6-c92b-430a-97cd-e19c92d9e7a0
04/23/23 20:35:57: SESSION_MGR: creating session with session uuid: '132368f9-6541-4cca-8e88-99e7038a7de8' and name 'vitis_hls'
04/23/23 20:35:57: KERNEL_SVC: creating session with uuid: '132368f9-6541-4cca-8e88-99e7038a7de8' and name 'vitis_hls'
04/23/23 20:35:57: GUIDANCE_SMGR: creating guidance session with uuid: '132368f9-6541-4cca-8e88-99e7038a7de8' and name 'vitis_hls'
04/23/23 20:36:06: STOP_SERVER received, server token: d2f74da6-c92b-430a-97cd-e19c92d9e7a0, passed token: d2f74da6-c92b-430a-97cd-e19c92d9e7a0
04/23/23 20:36:06: Socket received request to stop server.
04/23/23 20:36:06: Dispatch Server: do_await_stop
04/23/23 20:36:06: SERVER: destructor for server bound to port 53848
04/23/23 20:36:06: Server exiting with status 0.
04/23/23 20:36:06: Closing log file.
04/23/23 21:02:36: Running xcd server. This server was built by gradle.
04/23/23 21:02:36: Server was asked to start on port: '54286'
04/23/23 21:02:36: Server is using token UUID: 'cb5eb758-e344-4b15-b3c6-16210c7f593c'
04/23/23 21:02:36: SESSION_MGR: creating session with session uuid: '6d04a3e9-ade5-4ab9-8d63-1f78fcd2ec76' and name 'default'
04/23/23 21:02:36: Attempting to start server on port '54286'
04/23/23 21:02:36: Running Dispatch Server
04/23/23 21:02:36: Version 2.2.0
04/23/23 21:02:45: Dispatch Server: Accepted socket connection from client
04/23/23 21:02:45: Starting Socket connection
04/23/23 21:02:45: EXCHANGE_TOKEN received, server token: cb5eb758-e344-4b15-b3c6-16210c7f593c, passed token: cb5eb758-e344-4b15-b3c6-16210c7f593c
04/23/23 21:02:45: SESSION_MGR: creating session with session uuid: '4197256b-da26-461f-978c-6227a2b1ed42' and name 'vitis_hls'
04/23/23 21:02:45: KERNEL_SVC: creating session with uuid: '4197256b-da26-461f-978c-6227a2b1ed42' and name 'vitis_hls'
04/23/23 21:02:45: GUIDANCE_SMGR: creating guidance session with uuid: '4197256b-da26-461f-978c-6227a2b1ed42' and name 'vitis_hls'
04/23/23 21:03:05: STOP_SERVER received, server token: cb5eb758-e344-4b15-b3c6-16210c7f593c, passed token: cb5eb758-e344-4b15-b3c6-16210c7f593c
04/23/23 21:03:05: Socket received request to stop server.
04/23/23 21:03:05: Dispatch Server: do_await_stop
04/23/23 21:03:05: SERVER: destructor for server bound to port 54286
04/23/23 21:03:05: Server exiting with status 0.
04/23/23 21:03:05: Closing log file.
