
*** Running vivado
    with args -log design_1_axi_gpio_1_0.vds -m64 -product Vivado -mode batch -messageDb vivado.pb -notrace -source design_1_axi_gpio_1_0.tcl



****** Vivado v2022.2 (64-bit)
  **** SW Build 3671981 on Fri Oct 14 05:00:03 MDT 2022
  **** IP Build 3669848 on Fri Oct 14 08:30:02 MDT 2022
    ** Copyright 1986-2022 Xilinx, Inc. All Rights Reserved.

source design_1_axi_gpio_1_0.tcl -notrace
create_project: Time (s): cpu = 00:00:05 ; elapsed = 00:00:06 . Memory (MB): peak = 1002.543 ; gain = 119.125
INFO: [IP_Flow 19-234] Refreshing IP repositories
INFO: [IP_Flow 19-1700] Loaded user IP repository 'c:/Users/Dimitris/Desktop/ZedBoard_Zynq_Embedded_System/ip_repo/led_controller_1_0'.
INFO: [IP_Flow 19-1700] Loaded user IP repository 'c:/Users/Dimitris/Desktop/ZedBoard_Zynq_Embedded_System/timers_gpio_led_controller'.
WARNING: [IP_Flow 19-3656] If you move the project, the path for repository 'c:/Users/Dimitris/Desktop/ZedBoard_Zynq_Embedded_System/timers_gpio_led_controller' may become invalid. A better location for the repository would be in a path adjacent to the project. (Current project location is 'c:/Users/Dimitris/Desktop/ZedBoard_Zynq_Embedded_System/timers_gpio_led_controller/timers_gpio_led_controller.runs/design_1_axi_gpio_1_0_synth_1'.)
INFO: [IP_Flow 19-2313] Loaded Vivado IP repository 'C:/Xilinx/Vivado/2022.2/data/ip'.
WARNING: [IP_Flow 19-4995] The host OS only allows 260 characters in a normal path. The IP cache path is more than 80 characters. If you experience issues with IP caching, please consider changing the IP cache to a location with a shorter path. Alternately consider using the OS subst command to map part of the path to a drive letter. 
Current IP cache path is c:/Users/Dimitris/Desktop/ZedBoard_Zynq_Embedded_System/timers_gpio_led_controller/timers_gpio_led_controller.cache/ip 
INFO: [IP_Flow 19-6924] IPCACHE: Running cache check for IP inst: design_1_axi_gpio_1_0
INFO: [IP_Flow 19-6922] IPCACHE: Exporting cached entry e9d67e7f684a313c to dir: C:/Users/Dimitris/Desktop/ZedBoard_Zynq_Embedded_System/timers_gpio_led_controller/timers_gpio_led_controller.runs/design_1_axi_gpio_1_0_synth_1
INFO: [IP_Flow 19-6928] IPCACHE: copied cached file c:/Users/Dimitris/Desktop/ZedBoard_Zynq_Embedded_System/timers_gpio_led_controller/timers_gpio_led_controller.cache/ip/2022.2/e/9/e9d67e7f684a313c/design_1_axi_gpio_0_0.dcp to C:/Users/Dimitris/Desktop/ZedBoard_Zynq_Embedded_System/timers_gpio_led_controller/timers_gpio_led_controller.runs/design_1_axi_gpio_1_0_synth_1/design_1_axi_gpio_1_0.dcp.
INFO: [IP_Flow 19-6928] IPCACHE: copied cached file c:/Users/Dimitris/Desktop/ZedBoard_Zynq_Embedded_System/timers_gpio_led_controller/timers_gpio_led_controller.cache/ip/2022.2/e/9/e9d67e7f684a313c/design_1_axi_gpio_0_0_sim_netlist.v to C:/Users/Dimitris/Desktop/ZedBoard_Zynq_Embedded_System/timers_gpio_led_controller/timers_gpio_led_controller.runs/design_1_axi_gpio_1_0_synth_1/design_1_axi_gpio_1_0_sim_netlist.v.
INFO: [IP_Flow 19-6928] IPCACHE: copied cached file c:/Users/Dimitris/Desktop/ZedBoard_Zynq_Embedded_System/timers_gpio_led_controller/timers_gpio_led_controller.cache/ip/2022.2/e/9/e9d67e7f684a313c/design_1_axi_gpio_0_0_sim_netlist.vhdl to C:/Users/Dimitris/Desktop/ZedBoard_Zynq_Embedded_System/timers_gpio_led_controller/timers_gpio_led_controller.runs/design_1_axi_gpio_1_0_synth_1/design_1_axi_gpio_1_0_sim_netlist.vhdl.
INFO: [IP_Flow 19-6928] IPCACHE: copied cached file c:/Users/Dimitris/Desktop/ZedBoard_Zynq_Embedded_System/timers_gpio_led_controller/timers_gpio_led_controller.cache/ip/2022.2/e/9/e9d67e7f684a313c/design_1_axi_gpio_0_0_stub.v to C:/Users/Dimitris/Desktop/ZedBoard_Zynq_Embedded_System/timers_gpio_led_controller/timers_gpio_led_controller.runs/design_1_axi_gpio_1_0_synth_1/design_1_axi_gpio_1_0_stub.v.
INFO: [IP_Flow 19-6928] IPCACHE: copied cached file c:/Users/Dimitris/Desktop/ZedBoard_Zynq_Embedded_System/timers_gpio_led_controller/timers_gpio_led_controller.cache/ip/2022.2/e/9/e9d67e7f684a313c/design_1_axi_gpio_0_0_stub.vhdl to C:/Users/Dimitris/Desktop/ZedBoard_Zynq_Embedded_System/timers_gpio_led_controller/timers_gpio_led_controller.runs/design_1_axi_gpio_1_0_synth_1/design_1_axi_gpio_1_0_stub.vhdl.
INFO: [IP_Flow 19-4838] Using cached IP synthesis design for IP design_1_axi_gpio_1_0, cache-ID = e9d67e7f684a313c.
INFO: [Common 17-206] Exiting Vivado at Wed Apr 19 18:13:24 2023...
